#! /c/Source/iverilog-install/bin/vvp
:ivl_version "12.0 (devel)" "(s20150603-1539-g2693dd32b)";
:ivl_delay_selection "TYPICAL";
:vpi_time_precision + 0;
:vpi_module "C:\iverilog\lib\ivl\system.vpi";
:vpi_module "C:\iverilog\lib\ivl\vhdl_sys.vpi";
:vpi_module "C:\iverilog\lib\ivl\vhdl_textio.vpi";
:vpi_module "C:\iverilog\lib\ivl\v2005_math.vpi";
:vpi_module "C:\iverilog\lib\ivl\va_math.vpi";
S_000001bffa4d2940 .scope module, "ALU" "ALU" 2 50;
 .timescale 0 0;
    .port_info 0 /INPUT 8 "DATA1";
    .port_info 1 /INPUT 8 "DATA2";
    .port_info 2 /INPUT 3 "SELECT";
    .port_info 3 /OUTPUT 8 "RESULT";
v000001bffa506430_0 .net "ADD_RESULT", 7 0, v000001bffa507080_0;  1 drivers
v000001bffa503740_0 .net "AND_RESULT", 7 0, L_000001bffa50c2b0;  1 drivers
o000001bffa50e2f8 .functor BUFZ 1, C4<z>; HiZ drive
v000001bffa503880_0 .net "CLK", 0 0, o000001bffa50e2f8;  0 drivers
o000001bffa50df98 .functor BUFZ 8, C4<zzzzzzzz>; HiZ drive
v000001bffa503560_0 .net "DATA1", 7 0, o000001bffa50df98;  0 drivers
o000001bffa50dfc8 .functor BUFZ 8, C4<zzzzzzzz>; HiZ drive
v000001bffa5037e0_0 .net "DATA2", 7 0, o000001bffa50dfc8;  0 drivers
v000001bffa503240_0 .net "FORWARD_RESULT", 7 0, L_000001bffa50c710;  1 drivers
v000001bffa5034c0_0 .net "OR_RESULT", 7 0, L_000001bffa50c0f0;  1 drivers
v000001bffa504000_0 .var "RESULT", 7 0;
o000001bffa50e358 .functor BUFZ 3, C4<zzz>; HiZ drive
v000001bffa503920_0 .net "SELECT", 2 0, o000001bffa50e358;  0 drivers
E_000001bffa4ba2b0/0 .event anyedge, v000001bffa503920_0, v000001bffa5056d0_0, v000001bffa507080_0, v000001bffa5073f0_0;
E_000001bffa4ba2b0/1 .event anyedge, v000001bffa506390_0;
E_000001bffa4ba2b0 .event/or E_000001bffa4ba2b0/0, E_000001bffa4ba2b0/1;
S_000001bffa4d2ad0 .scope module, "dut1" "FORWARD" 2 65, 2 34 0, S_000001bffa4d2940;
 .timescale 0 0;
    .port_info 0 /INPUT 8 "DATA1";
    .port_info 1 /INPUT 8 "DATA2";
    .port_info 2 /OUTPUT 8 "RESULT";
L_000001bffa50c710 .functor BUFZ 8, o000001bffa50dfc8, C4<00000000>, C4<00000000>, C4<00000000>;
v000001bffa4bbe50_0 .net "DATA1", 7 0, o000001bffa50df98;  alias, 0 drivers
v000001bffa505630_0 .net "DATA2", 7 0, o000001bffa50dfc8;  alias, 0 drivers
v000001bffa5056d0_0 .net "RESULT", 7 0, L_000001bffa50c710;  alias, 1 drivers
S_000001bffa505770 .scope module, "dut2" "ADD" 2 66, 2 21 0, S_000001bffa4d2940;
 .timescale 0 0;
    .port_info 0 /INPUT 8 "DATA1";
    .port_info 1 /INPUT 8 "DATA2";
    .port_info 2 /OUTPUT 8 "RESULT";
v000001bffa505900_0 .net "DATA1", 7 0, o000001bffa50df98;  alias, 0 drivers
v000001bffa5059a0_0 .net "DATA2", 7 0, o000001bffa50dfc8;  alias, 0 drivers
v000001bffa507080_0 .var "RESULT", 7 0;
E_000001bffa4ba2f0 .event anyedge, v000001bffa505630_0, v000001bffa4bbe50_0;
S_000001bffa507120 .scope module, "dut3" "AND" 2 67, 2 11 0, S_000001bffa4d2940;
 .timescale 0 0;
    .port_info 0 /INPUT 8 "DATA1";
    .port_info 1 /INPUT 8 "DATA2";
    .port_info 2 /OUTPUT 8 "RESULT";
L_000001bffa50c2b0 .functor AND 8, o000001bffa50df98, o000001bffa50dfc8, C4<11111111>, C4<11111111>;
v000001bffa5072b0_0 .net "DATA1", 7 0, o000001bffa50df98;  alias, 0 drivers
v000001bffa507350_0 .net "DATA2", 7 0, o000001bffa50dfc8;  alias, 0 drivers
v000001bffa5073f0_0 .net "RESULT", 7 0, L_000001bffa50c2b0;  alias, 1 drivers
S_000001bffa5060c0 .scope module, "dut4" "OR" 2 68, 2 1 0, S_000001bffa4d2940;
 .timescale 0 0;
    .port_info 0 /INPUT 8 "DATA1";
    .port_info 1 /INPUT 8 "DATA2";
    .port_info 2 /OUTPUT 8 "RESULT";
L_000001bffa50c0f0 .functor OR 8, o000001bffa50df98, o000001bffa50dfc8, C4<00000000>, C4<00000000>;
v000001bffa506250_0 .net "DATA1", 7 0, o000001bffa50df98;  alias, 0 drivers
v000001bffa5062f0_0 .net "DATA2", 7 0, o000001bffa50dfc8;  alias, 0 drivers
v000001bffa506390_0 .net "RESULT", 7 0, L_000001bffa50c0f0;  alias, 1 drivers
    .scope S_000001bffa505770;
T_0 ;
    %wait E_000001bffa4ba2f0;
    %load/vec4 v000001bffa5059a0_0;
    %pad/u 32;
    %cmpi/u 0, 0, 32;
    %jmp/0xz  T_0.0, 5;
    %load/vec4 v000001bffa505900_0;
    %load/vec4 v000001bffa5059a0_0;
    %sub;
    %store/vec4 v000001bffa507080_0, 0, 8;
    %jmp T_0.1;
T_0.0 ;
    %load/vec4 v000001bffa505900_0;
    %load/vec4 v000001bffa5059a0_0;
    %add;
    %store/vec4 v000001bffa507080_0, 0, 8;
T_0.1 ;
    %jmp T_0;
    .thread T_0, $push;
    .scope S_000001bffa4d2940;
T_1 ;
    %wait E_000001bffa4ba2b0;
    %load/vec4 v000001bffa503920_0;
    %dup/vec4;
    %pushi/vec4 0, 0, 3;
    %cmp/u;
    %jmp/1 T_1.0, 6;
    %dup/vec4;
    %pushi/vec4 1, 0, 3;
    %cmp/u;
    %jmp/1 T_1.1, 6;
    %dup/vec4;
    %pushi/vec4 2, 0, 3;
    %cmp/u;
    %jmp/1 T_1.2, 6;
    %dup/vec4;
    %pushi/vec4 3, 0, 3;
    %cmp/u;
    %jmp/1 T_1.3, 6;
    %jmp T_1.4;
T_1.0 ;
    %delay 1, 0;
    %load/vec4 v000001bffa503240_0;
    %store/vec4 v000001bffa504000_0, 0, 8;
    %jmp T_1.4;
T_1.1 ;
    %delay 2, 0;
    %load/vec4 v000001bffa506430_0;
    %store/vec4 v000001bffa504000_0, 0, 8;
    %jmp T_1.4;
T_1.2 ;
    %delay 1, 0;
    %load/vec4 v000001bffa503740_0;
    %store/vec4 v000001bffa504000_0, 0, 8;
    %jmp T_1.4;
T_1.3 ;
    %delay 1, 0;
    %load/vec4 v000001bffa5034c0_0;
    %store/vec4 v000001bffa504000_0, 0, 8;
    %jmp T_1.4;
T_1.4 ;
    %pop/vec4 1;
    %jmp T_1;
    .thread T_1, $push;
# The file index is used to find the file name in the following table.
:file_names 3;
    "N/A";
    "<interactive>";
    "alu.v";
