#! /c/Source/iverilog-install/bin/vvp
:ivl_version "12.0 (devel)" "(s20150603-1539-g2693dd32b)";
:ivl_delay_selection "TYPICAL";
:vpi_time_precision + 0;
:vpi_module "C:\iverilog\lib\ivl\system.vpi";
:vpi_module "C:\iverilog\lib\ivl\vhdl_sys.vpi";
:vpi_module "C:\iverilog\lib\ivl\vhdl_textio.vpi";
:vpi_module "C:\iverilog\lib\ivl\v2005_math.vpi";
:vpi_module "C:\iverilog\lib\ivl\va_math.vpi";
S_000001ea8e246840 .scope module, "ALU_TB" "ALU_TB" 2 5;
 .timescale 0 0;
v000001ea8e253370_0 .var "DATA1", 7 0;
v000001ea8e253910_0 .var "DATA2", 7 0;
v000001ea8e2539b0_0 .net "RESULT", 7 0, v000001ea8e2534b0_0;  1 drivers
v000001ea8e253af0_0 .var "SELECT", 2 0;
S_000001ea8e222870 .scope module, "ALU_inst" "ALU" 2 16, 3 50 0, S_000001ea8e246840;
 .timescale 0 0;
    .port_info 0 /INPUT 8 "DATA1";
    .port_info 1 /INPUT 8 "DATA2";
    .port_info 2 /INPUT 3 "SELECT";
    .port_info 3 /OUTPUT 8 "RESULT";
v000001ea8e257260_0 .net "ADD_RESULT", 7 0, v000001ea8e255900_0;  1 drivers
v000001ea8e252e70_0 .net "AND_RESULT", 7 0, L_000001ea8e249e20;  1 drivers
o000001ea8e2622f8 .functor BUFZ 1, C4<z>; HiZ drive
v000001ea8e253b90_0 .net "CLK", 0 0, o000001ea8e2622f8;  0 drivers
v000001ea8e253190_0 .net "DATA1", 7 0, v000001ea8e253370_0;  1 drivers
v000001ea8e253870_0 .net "DATA2", 7 0, v000001ea8e253910_0;  1 drivers
v000001ea8e253a50_0 .net "FORWARD_RESULT", 7 0, L_000001ea8e249d40;  1 drivers
v000001ea8e253c30_0 .net "OR_RESULT", 7 0, L_000001ea8e24a4b0;  1 drivers
v000001ea8e2534b0_0 .var "RESULT", 7 0;
v000001ea8e253cd0_0 .net "SELECT", 2 0, v000001ea8e253af0_0;  1 drivers
E_000001ea8e245bf0/0 .event anyedge, v000001ea8e253cd0_0, v000001ea8e222c30_0, v000001ea8e255900_0, v000001ea8e25d230_0;
E_000001ea8e245bf0/1 .event anyedge, v000001ea8e2571c0_0;
E_000001ea8e245bf0 .event/or E_000001ea8e245bf0/0, E_000001ea8e245bf0/1;
S_000001ea8e222a00 .scope module, "dut1" "FORWARD" 3 65, 3 34 0, S_000001ea8e222870;
 .timescale 0 0;
    .port_info 0 /INPUT 8 "DATA1";
    .port_info 1 /INPUT 8 "DATA2";
    .port_info 2 /OUTPUT 8 "RESULT";
L_000001ea8e249d40 .functor BUFZ 8, v000001ea8e253910_0, C4<00000000>, C4<00000000>, C4<00000000>;
v000001ea8e19be90_0 .net "DATA1", 7 0, v000001ea8e253370_0;  alias, 1 drivers
v000001ea8e222b90_0 .net "DATA2", 7 0, v000001ea8e253910_0;  alias, 1 drivers
v000001ea8e222c30_0 .net "RESULT", 7 0, L_000001ea8e249d40;  alias, 1 drivers
S_000001ea8e255630 .scope module, "dut2" "ADD" 3 66, 3 21 0, S_000001ea8e222870;
 .timescale 0 0;
    .port_info 0 /INPUT 8 "DATA1";
    .port_info 1 /INPUT 8 "DATA2";
    .port_info 2 /OUTPUT 8 "RESULT";
v000001ea8e2557c0_0 .net "DATA1", 7 0, v000001ea8e253370_0;  alias, 1 drivers
v000001ea8e255860_0 .net "DATA2", 7 0, v000001ea8e253910_0;  alias, 1 drivers
v000001ea8e255900_0 .var "RESULT", 7 0;
E_000001ea8e245a70 .event anyedge, v000001ea8e222b90_0, v000001ea8e19be90_0;
S_000001ea8e25d000 .scope module, "dut3" "AND" 3 67, 3 11 0, S_000001ea8e222870;
 .timescale 0 0;
    .port_info 0 /INPUT 8 "DATA1";
    .port_info 1 /INPUT 8 "DATA2";
    .port_info 2 /OUTPUT 8 "RESULT";
L_000001ea8e249e20 .functor AND 8, v000001ea8e253370_0, v000001ea8e253910_0, C4<11111111>, C4<11111111>;
v000001ea8e2559a0_0 .net "DATA1", 7 0, v000001ea8e253370_0;  alias, 1 drivers
v000001ea8e25d190_0 .net "DATA2", 7 0, v000001ea8e253910_0;  alias, 1 drivers
v000001ea8e25d230_0 .net "RESULT", 7 0, L_000001ea8e249e20;  alias, 1 drivers
S_000001ea8e25d2d0 .scope module, "dut4" "OR" 3 68, 3 1 0, S_000001ea8e222870;
 .timescale 0 0;
    .port_info 0 /INPUT 8 "DATA1";
    .port_info 1 /INPUT 8 "DATA2";
    .port_info 2 /OUTPUT 8 "RESULT";
L_000001ea8e24a4b0 .functor OR 8, v000001ea8e253370_0, v000001ea8e253910_0, C4<00000000>, C4<00000000>;
v000001ea8e257080_0 .net "DATA1", 7 0, v000001ea8e253370_0;  alias, 1 drivers
v000001ea8e257120_0 .net "DATA2", 7 0, v000001ea8e253910_0;  alias, 1 drivers
v000001ea8e2571c0_0 .net "RESULT", 7 0, L_000001ea8e24a4b0;  alias, 1 drivers
    .scope S_000001ea8e255630;
T_0 ;
    %wait E_000001ea8e245a70;
    %load/vec4 v000001ea8e255860_0;
    %pad/u 32;
    %cmpi/u 0, 0, 32;
    %jmp/0xz  T_0.0, 5;
    %load/vec4 v000001ea8e2557c0_0;
    %load/vec4 v000001ea8e255860_0;
    %sub;
    %store/vec4 v000001ea8e255900_0, 0, 8;
    %jmp T_0.1;
T_0.0 ;
    %load/vec4 v000001ea8e2557c0_0;
    %load/vec4 v000001ea8e255860_0;
    %add;
    %store/vec4 v000001ea8e255900_0, 0, 8;
T_0.1 ;
    %jmp T_0;
    .thread T_0, $push;
    .scope S_000001ea8e222870;
T_1 ;
    %wait E_000001ea8e245bf0;
    %load/vec4 v000001ea8e253cd0_0;
    %dup/vec4;
    %pushi/vec4 0, 0, 3;
    %cmp/u;
    %jmp/1 T_1.0, 6;
    %dup/vec4;
    %pushi/vec4 1, 0, 3;
    %cmp/u;
    %jmp/1 T_1.1, 6;
    %dup/vec4;
    %pushi/vec4 2, 0, 3;
    %cmp/u;
    %jmp/1 T_1.2, 6;
    %dup/vec4;
    %pushi/vec4 3, 0, 3;
    %cmp/u;
    %jmp/1 T_1.3, 6;
    %jmp T_1.4;
T_1.0 ;
    %delay 1, 0;
    %load/vec4 v000001ea8e253a50_0;
    %store/vec4 v000001ea8e2534b0_0, 0, 8;
    %jmp T_1.4;
T_1.1 ;
    %delay 2, 0;
    %load/vec4 v000001ea8e257260_0;
    %store/vec4 v000001ea8e2534b0_0, 0, 8;
    %jmp T_1.4;
T_1.2 ;
    %delay 1, 0;
    %load/vec4 v000001ea8e252e70_0;
    %store/vec4 v000001ea8e2534b0_0, 0, 8;
    %jmp T_1.4;
T_1.3 ;
    %delay 1, 0;
    %load/vec4 v000001ea8e253c30_0;
    %store/vec4 v000001ea8e2534b0_0, 0, 8;
    %jmp T_1.4;
T_1.4 ;
    %pop/vec4 1;
    %jmp T_1;
    .thread T_1, $push;
    .scope S_000001ea8e246840;
T_2 ;
    %vpi_call 2 26 "$dumpfile", "akakshmodaya.vcd" {0 0 0};
    %vpi_call 2 27 "$dumpvars", 32'sb00000000000000000000000000000000, S_000001ea8e246840 {0 0 0};
    %pushi/vec4 170, 0, 8;
    %store/vec4 v000001ea8e253370_0, 0, 8;
    %pushi/vec4 85, 0, 8;
    %store/vec4 v000001ea8e253910_0, 0, 8;
    %pushi/vec4 0, 0, 3;
    %store/vec4 v000001ea8e253af0_0, 0, 3;
    %delay 10, 0;
    %pushi/vec4 240, 0, 8;
    %store/vec4 v000001ea8e253370_0, 0, 8;
    %delay 10, 0;
    %pushi/vec4 15, 0, 8;
    %store/vec4 v000001ea8e253910_0, 0, 8;
    %delay 10, 0;
    %pushi/vec4 1, 0, 3;
    %store/vec4 v000001ea8e253af0_0, 0, 3;
    %delay 10, 0;
    %pushi/vec4 2, 0, 3;
    %store/vec4 v000001ea8e253af0_0, 0, 3;
    %delay 10, 0;
    %pushi/vec4 3, 0, 3;
    %store/vec4 v000001ea8e253af0_0, 0, 3;
    %vpi_call 2 45 "$display", "Time=%t, DATA1=%h, DATA2=%h, SELECT=%b, RESULT=%h", $time, v000001ea8e253370_0, v000001ea8e253910_0, v000001ea8e253af0_0, v000001ea8e2539b0_0 {0 0 0};
    %delay 10, 0;
    %vpi_call 2 48 "$finish" {0 0 0};
    %end;
    .thread T_2;
# The file index is used to find the file name in the following table.
:file_names 4;
    "N/A";
    "<interactive>";
    "ALU_TB.V";
    "./ALU.v";
